<?xml version="1.0" encoding="UTF-8"?>
<!-- Generated by org.testng.reporters.JUnitReportReporter -->
<testsuite hostname="DESKTOP-E8M8893" failures="0" tests="2" name="org.crossbrowsertesting.Crissbrowserdataprovider" time="16.059" errors="0" timestamp="2022-08-12T01:03:57 IST" skipped="0">
  <testcase classname="org.crossbrowsertesting.Crissbrowserdataprovider" name="tc01" time="9.710"/>
  <system-out/>
  <testcase classname="org.crossbrowsertesting.Crissbrowserdataprovider" name="tc01" time="6.349"/>
  <system-out/>
</testsuite> <!-- org.crossbrowsertesting.Crissbrowserdataprovider -->
