<?xml version="1.0" encoding="UTF-8"?>
<!-- Generated by org.testng.reporters.JUnitReportReporter -->
<testsuite hostname="DESKTOP-E8M8893" failures="0" tests="3" name="org.crossbrowsertesting.CrossBrowserDemo" time="51.721" errors="0" timestamp="2022-08-12T00:37:23 IST" skipped="0">
  <testcase classname="org.crossbrowsertesting.CrossBrowserDemo" name="tc01" time="17.563"/>
  <system-out/>
  <testcase classname="org.crossbrowsertesting.CrossBrowserDemo" name="tc01" time="17.362"/>
  <system-out/>
  <testcase classname="org.crossbrowsertesting.CrossBrowserDemo" name="tc01" time="16.796"/>
  <system-out/>
</testsuite> <!-- org.crossbrowsertesting.CrossBrowserDemo -->
