<?xml version="1.0" encoding="UTF-8"?>
<!-- Generated by org.testng.reporters.JUnitReportReporter -->
<testsuite hostname="DESKTOP-E8M8893" failures="0" tests="2" name="org.parallelmethods.ClassA" time="15.150" errors="0" timestamp="2022-08-11T23:46:31 IST" skipped="0">
  <testcase classname="org.parallelmethods.ClassA" name="tc01" time="5.817"/>
  <system-out/>
  <testcase classname="org.parallelmethods.ClassA" name="tc02" time="9.333"/>
  <system-out/>
</testsuite> <!-- org.parallelmethods.ClassA -->
